<?xml version="1.0" encoding="UTF-8"?>
<!-- Generated by org.testng.reporters.JUnitReportReporter -->
<testsuite hostname="Sumit-PC" failures="0" tests="8" name="HW10.HW10Class11" time="16.699" errors="0" timestamp="2021-07-28T21:08:52 EDT" skipped="0">
  <testcase classname="HW10.HW10Class11" name="openurl" time="1.393"/>
  <system-out/>
  <testcase classname="HW10.HW10Class11" name="signin" time="1.287"/>
  <system-out/>
  <testcase classname="HW10.HW10Class11" name="enteremailaddress" time="0.401"/>
  <system-out/>
  <testcase classname="HW10.HW10Class11" name="clicksubmit" time="0.097"/>
  <system-out/>
  <testcase classname="HW10.HW10Class11" name="personalinfo" time="2.613"/>
  <system-out/>
  <testcase classname="HW10.HW10Class11" name="selectdays" time="10.446"/>
  <system-out/>
  <testcase classname="HW10.HW10Class11" name="company" time="0.209"/>
  <system-out/>
  <testcase classname="HW10.HW10Class11" name="mobilephone" time="0.253"/>
  <system-out/>
</testsuite> <!-- HW10.HW10Class11 -->
